{"numTotalTestSuites":6,"numPassedTestSuites":6,"numFailedTestSuites":0,"numPendingTestSuites":0,"numTotalTests":5,"numPassedTests":5,"numFailedTests":0,"numPendingTests":0,"numTodoTests":0,"startTime":1723100983152,"success":true,"testResults":[{"assertionResults":[{"ancestorTitles":["","App.vue"],"fullName":" App.vue renders a title","status":"passed","title":"renders a title","duration":31,"failureMessages":[]},{"ancestorTitles":["","App.vue"],"fullName":" App.vue renders the navbar","status":"passed","title":"renders the navbar","duration":6,"failureMessages":[]},{"ancestorTitles":["","App.vue"],"fullName":" App.vue renders the races list","status":"passed","title":"renders the races list","duration":4,"failureMessages":[]}],"startTime":1723100984441,"endTime":1723100984482,"status":"passed","message":"","name":"/home/vukovicdmateo/repos/ponyracer-research/src/__tests__/App.spec.ts"},{"assertionResults":[{"ancestorTitles":["","Navbar.vue"],"fullName":" Navbar.vue should toggle the class on click","status":"passed","title":"should toggle the class on click","duration":30,"failureMessages":[]}],"startTime":1723100984438,"endTime":1723100984468,"status":"passed","message":"","name":"/home/vukovicdmateo/repos/ponyracer-research/src/components/__tests__/Navbar.spec.ts"},{"assertionResults":[{"ancestorTitles":["","Races.vue"],"fullName":" Races.vue should display every race name in a title","status":"passed","title":"should display every race name in a title","duration":25,"failureMessages":[]}],"startTime":1723100984437,"endTime":1723100984462,"status":"passed","message":"","name":"/home/vukovicdmateo/repos/ponyracer-research/src/views/__tests__/Races.spec.ts"}]}