{"numTotalTestSuites":4,"numPassedTestSuites":4,"numFailedTestSuites":0,"numPendingTestSuites":0,"numTotalTests":3,"numPassedTests":3,"numFailedTests":0,"numPendingTests":0,"numTodoTests":0,"startTime":1723099460644,"success":true,"testResults":[{"assertionResults":[{"ancestorTitles":["","App.vue"],"fullName":" App.vue renders a title","status":"passed","title":"renders a title","duration":11,"failureMessages":[]},{"ancestorTitles":["","App.vue"],"fullName":" App.vue renders the navbar","status":"passed","title":"renders the navbar","duration":22,"failureMessages":[]}],"startTime":1723099461835,"endTime":1723099461868,"status":"passed","message":"","name":"/home/vukovicdmateo/repos/ponyracer-research/src/__tests__/App.spec.ts"},{"assertionResults":[{"ancestorTitles":["","Navbar.vue"],"fullName":" Navbar.vue should toggle the class on click","status":"passed","title":"should toggle the class on click","duration":29,"failureMessages":[]}],"startTime":1723099461834,"endTime":1723099461863,"status":"passed","message":"","name":"/home/vukovicdmateo/repos/ponyracer-research/src/components/__tests__/Navbar.spec.ts"}]}